# JRE version: OpenJDK Runtime Environment (8.0_112-b06) (build 1.8.0_112-release-b06)
# Java VM: OpenJDK 64-Bit Server VM (25.112-b06 mixed mode windows-amd64 compressed oops)
Heap:
 PSYoungGen      total 123392K, used 46751K [0x00000000eab00000, 0x00000000f4380000, 0x0000000100000000)
  eden space 100352K, 32% used [0x00000000eab00000,0x00000000eca9a838,0x00000000f0d00000)
  from space 23040K, 62% used [0x00000000f0d00000,0x00000000f1b0d408,0x00000000f2380000)
  to   space 26112K, 0% used [0x00000000f2a00000,0x00000000f2a00000,0x00000000f4380000)
 ParOldGen       total 112640K, used 64938K [0x00000000c0000000, 0x00000000c6e00000, 0x00000000eab00000)
  object space 112640K, 57% used [0x00000000c0000000,0x00000000c3f6a850,0x00000000c6e00000)
 Metaspace       used 70790K, capacity 74776K, committed 74968K, reserved 1114112K
  class space    used 9202K, capacity 9869K, committed 9944K, reserved 1048576K
GC Heap History (10 events):
Event: 496.237 GC heap before
{Heap before GC invocations=37 (full 4):
 PSYoungGen      total 114688K, used 98496K [0x00000000eab00000, 0x00000000f2e80000, 0x0000000100000000)
  eden space 96768K, 100% used [0x00000000eab00000,0x00000000f0980000,0x00000000f0980000)
  from space 17920K, 9% used [0x00000000f1d00000,0x00000000f1eb0000,0x00000000f2e80000)
  to   space 18944K, 0% used [0x00000000f0980000,0x00000000f0980000,0x00000000f1c00000)
 ParOldGen       total 112640K, used 53500K [0x00000000c0000000, 0x00000000c6e00000, 0x00000000eab00000)
  object space 112640K, 47% used [0x00000000c0000000,0x00000000c343f3a8,0x00000000c6e00000)
 Metaspace       used 69508K, capacity 72706K, committed 72920K, reserved 1112064K
  class space    used 9072K, capacity 9650K, committed 9688K, reserved 1048576K
Event: 496.271 GC heap after
Heap after GC invocations=37 (full 4):
 PSYoungGen      total 115712K, used 18929K [0x00000000eab00000, 0x00000000f3b00000, 0x0000000100000000)
  eden space 96768K, 0% used [0x00000000eab00000,0x00000000eab00000,0x00000000f0980000)
  from space 18944K, 99% used [0x00000000f0980000,0x00000000f1bfc4c8,0x00000000f1c00000)
  to   space 23552K, 0% used [0x00000000f2400000,0x00000000f2400000,0x00000000f3b00000)
 ParOldGen       total 112640K, used 57331K [0x00000000c0000000, 0x00000000c6e00000, 0x00000000eab00000)
  object space 112640K, 50% used [0x00000000c0000000,0x00000000c37fcec8,0x00000000c6e00000)
 Metaspace       used 69508K, capacity 72706K, committed 72920K, reserved 1112064K
  class space    used 9072K, capacity 9650K, committed 9688K, reserved 1048576K
}
Event: 2207.924 GC heap before
{Heap before GC invocations=38 (full 4):
 PSYoungGen      total 115712K, used 115697K [0x00000000eab00000, 0x00000000f3b00000, 0x0000000100000000)
  eden space 96768K, 100% used [0x00000000eab00000,0x00000000f0980000,0x00000000f0980000)
  from space 18944K, 99% used [0x00000000f0980000,0x00000000f1bfc4c8,0x00000000f1c00000)
  to   space 23552K, 0% used [0x00000000f2400000,0x00000000f2400000,0x00000000f3b00000)
 ParOldGen       total 112640K, used 57331K [0x00000000c0000000, 0x00000000c6e00000, 0x00000000eab00000)
  object space 112640K, 50% used [0x00000000c0000000,0x00000000c37fcec8,0x00000000c6e00000)
 Metaspace       used 69858K, capacity 73222K, committed 73432K, reserved 1114112K
  class space    used 9092K, capacity 9675K, committed 9688K, reserved 1048576K
Event: 2215.700 GC heap after
Heap after GC invocations=38 (full 4):
 PSYoungGen      total 122880K, used 10625K [0x00000000eab00000, 0x00000000f3a00000, 0x0000000100000000)
  eden space 100352K, 0% used [0x00000000eab00000,0x00000000eab00000,0x00000000f0d00000)
  from space 22528K, 47% used [0x00000000f2400000,0x00000000f2e60468,0x00000000f3a00000)
  to   space 23040K, 0% used [0x00000000f0d00000,0x00000000f0d00000,0x00000000f2380000)
 ParOldGen       total 112640K, used 57823K [0x00000000c0000000, 0x00000000c6e00000, 0x00000000eab00000)
  object space 112640K, 51% used [0x00000000c0000000,0x00000000c3877ed8,0x00000000c6e00000)
 Metaspace       used 69858K, capacity 73222K, committed 73432K, reserved 1114112K
  class space    used 9092K, capacity 9675K, committed 9688K, reserved 1048576K
}
Event: 2303.146 GC heap before
{Heap before GC invocations=39 (full 4):
 PSYoungGen      total 122880K, used 110977K [0x00000000eab00000, 0x00000000f3a00000, 0x0000000100000000)
  eden space 100352K, 100% used [0x00000000eab00000,0x00000000f0d00000,0x00000000f0d00000)
  from space 22528K, 47% used [0x00000000f2400000,0x00000000f2e60468,0x00000000f3a00000)
  to   space 23040K, 0% used [0x00000000f0d00000,0x00000000f0d00000,0x00000000f2380000)
 ParOldGen       total 112640K, used 57823K [0x00000000c0000000, 0x00000000c6e00000, 0x00000000eab00000)
  object space 112640K, 51% used [0x00000000c0000000,0x00000000c3877ed8,0x00000000c6e00000)
 Metaspace       used 70234K, capacity 73874K, committed 74072K, reserved 1114112K
  class space    used 9143K, capacity 9771K, committed 9816K, reserved 1048576K
Event: 2304.166 GC heap after
Heap after GC invocations=39 (full 4):
 PSYoungGen      total 123392K, used 7787K [0x00000000eab00000, 0x00000000f3b00000, 0x0000000100000000)
  eden space 100352K, 0% used [0x00000000eab00000,0x00000000eab00000,0x00000000f0d00000)
  from space 23040K, 33% used [0x00000000f0d00000,0x00000000f149ad08,0x00000000f2380000)
  to   space 21504K, 0% used [0x00000000f2600000,0x00000000f2600000,0x00000000f3b00000)
 ParOldGen       total 112640K, used 57831K [0x00000000c0000000, 0x00000000c6e00000, 0x00000000eab00000)
  object space 112640K, 51% used [0x00000000c0000000,0x00000000c3879ed8,0x00000000c6e00000)
 Metaspace       used 70234K, capacity 73874K, committed 74072K, reserved 1114112K
  class space    used 9143K, capacity 9771K, committed 9816K, reserved 1048576K
}
Event: 2336.542 GC heap before
{Heap before GC invocations=40 (full 4):
 PSYoungGen      total 123392K, used 108139K [0x00000000eab00000, 0x00000000f3b00000, 0x0000000100000000)
  eden space 100352K, 100% used [0x00000000eab00000,0x00000000f0d00000,0x00000000f0d00000)
  from space 23040K, 33% used [0x00000000f0d00000,0x00000000f149ad08,0x00000000f2380000)
  to   space 21504K, 0% used [0x00000000f2600000,0x00000000f2600000,0x00000000f3b00000)
 ParOldGen       total 112640K, used 57831K [0x00000000c0000000, 0x00000000c6e00000, 0x00000000eab00000)
  object space 112640K, 51% used [0x00000000c0000000,0x00000000c3879ed8,0x00000000c6e00000)
 Metaspace       used 70412K, capacity 74126K, committed 74328K, reserved 1114112K
  class space    used 9155K, capacity 9791K, committed 9816K, reserved 1048576K
Event: 2336.614 GC heap after
Heap after GC invocations=40 (full 4):
 PSYoungGen      total 121856K, used 21492K [0x00000000eab00000, 0x00000000f3b00000, 0x0000000100000000)
  eden space 100352K, 0% used [0x00000000eab00000,0x00000000eab00000,0x00000000f0d00000)
  from space 21504K, 99% used [0x00000000f2600000,0x00000000f3afd240,0x00000000f3b00000)
  to   space 23040K, 0% used [0x00000000f0d00000,0x00000000f0d00000,0x00000000f2380000)
 ParOldGen       total 112640K, used 60055K [0x00000000c0000000, 0x00000000c6e00000, 0x00000000eab00000)
  object space 112640K, 53% used [0x00000000c0000000,0x00000000c3aa5e70,0x00000000c6e00000)
 Metaspace       used 70412K, capacity 74126K, committed 74328K, reserved 1114112K
  class space    used 9155K, capacity 9791K, committed 9816K, reserved 1048576K
}
Event: 2388.903 GC heap before
{Heap before GC invocations=41 (full 4):
 PSYoungGen      total 121856K, used 121844K [0x00000000eab00000, 0x00000000f3b00000, 0x0000000100000000)
  eden space 100352K, 100% used [0x00000000eab00000,0x00000000f0d00000,0x00000000f0d00000)
  from space 21504K, 99% used [0x00000000f2600000,0x00000000f3afd240,0x00000000f3b00000)
  to   space 23040K, 0% used [0x00000000f0d00000,0x00000000f0d00000,0x00000000f2380000)
 ParOldGen       total 112640K, used 60055K [0x00000000c0000000, 0x00000000c6e00000, 0x00000000eab00000)
  object space 112640K, 53% used [0x00000000c0000000,0x00000000c3aa5e70,0x00000000c6e00000)
 Metaspace       used 70617K, capacity 74344K, committed 74712K, reserved 1114112K
  class space    used 9175K, capacity 9819K, committed 9944K, reserved 1048576K
Event: 2389.239 GC heap after
Heap after GC invocations=41 (full 4):
 PSYoungGen      total 123392K, used 14389K [0x00000000eab00000, 0x00000000f4380000, 0x0000000100000000)
  eden space 100352K, 0% used [0x00000000eab00000,0x00000000eab00000,0x00000000f0d00000)
  from space 23040K, 62% used [0x00000000f0d00000,0x00000000f1b0d408,0x00000000f2380000)
  to   space 26112K, 0% used [0x00000000f2a00000,0x00000000f2a00000,0x00000000f4380000)
 ParOldGen       total 112640K, used 64938K [0x00000000c0000000, 0x00000000c6e00000, 0x00000000eab00000)
  object space 112640K, 57% used [0x00000000c0000000,0x00000000c3f6a850,0x00000000c6e00000)
 Metaspace       used 70617K, capacity 74344K, committed 74712K, reserved 1114112K
  class space    used 9175K, capacity 9819K, committed 9944K, reserved 1048576K
}

